-------------------------------------------------------------------------------
Test set: org.apache.commons.cli.bug.BugCLI265Test
-------------------------------------------------------------------------------
Tests run: 3, Failures: 0, Errors: 3, Skipped: 0, Time elapsed: 0.002 sec <<< FAILURE! - in org.apache.commons.cli.bug.BugCLI265Test
shouldParseShortOptionWithValue(org.apache.commons.cli.bug.BugCLI265Test)  Time elapsed: 0 sec  <<< ERROR!
org.apache.commons.cli.UnrecognizedOptionException: Unrecognized option: -t1
	at org.apache.commons.cli.bug.BugCLI265Test.shouldParseShortOptionWithValue(BugCLI265Test.java:59)

shouldParseShortOptionWithoutValue(org.apache.commons.cli.bug.BugCLI265Test)  Time elapsed: 0 sec  <<< ERROR!
org.apache.commons.cli.UnrecognizedOptionException: Unrecognized option: -t1
	at org.apache.commons.cli.bug.BugCLI265Test.shouldParseShortOptionWithoutValue(BugCLI265Test.java:69)

shouldParseConcatenatedShortOptions(org.apache.commons.cli.bug.BugCLI265Test)  Time elapsed: 0 sec  <<< ERROR!
org.apache.commons.cli.UnrecognizedOptionException: Unrecognized option: -t1
	at org.apache.commons.cli.bug.BugCLI265Test.shouldParseConcatenatedShortOptions(BugCLI265Test.java:80)

