-------------------------------------------------------------------------------
Test set: org.apache.commons.cli.OptionTest
-------------------------------------------------------------------------------
Tests run: 9, Failures: 1, Errors: 0, Skipped: 0, Time elapsed: 0.003 sec <<< FAILURE! - in org.apache.commons.cli.OptionTest
testBuilderMethods(org.apache.commons.cli.OptionTest)  Time elapsed: 0 sec  <<< FAILURE!
java.lang.AssertionError: expected:<-1> but was:<-33>
	at org.apache.commons.cli.OptionTest.checkOption(OptionTest.java:210)
	at org.apache.commons.cli.OptionTest.testBuilderMethods(OptionTest.java:160)

