-------------------------------------------------------------------------------
Test set: org.apache.commons.cli.GnuParserTest
-------------------------------------------------------------------------------
Tests run: 58, Failures: 11, Errors: 22, Skipped: 21, Time elapsed: 0.003 sec <<< FAILURE! - in org.apache.commons.cli.GnuParserTest
testSimpleLong(org.apache.commons.cli.GnuParserTest)  Time elapsed: 0 sec  <<< FAILURE!
java.lang.AssertionError: Confirm -a is set

testSimpleShort(org.apache.commons.cli.GnuParserTest)  Time elapsed: 0 sec  <<< ERROR!
org.apache.commons.cli.UnrecognizedOptionException: Unrecognized option: -a

testMissingRequiredOption(org.apache.commons.cli.GnuParserTest)  Time elapsed: 0 sec  <<< FAILURE!
java.lang.AssertionError: expected to catch MissingOptionException

testShortWithoutEqual(org.apache.commons.cli.GnuParserTest)  Time elapsed: 0 sec  <<< ERROR!
org.apache.commons.cli.UnrecognizedOptionException: Unrecognized option: -fbar

testReuseOptionsTwice(org.apache.commons.cli.GnuParserTest)  Time elapsed: 0 sec  <<< ERROR!
org.apache.commons.cli.UnrecognizedOptionException: Unrecognized option: -v

testMissingRequiredGroup(org.apache.commons.cli.GnuParserTest)  Time elapsed: 0 sec  <<< FAILURE!
java.lang.AssertionError: Expected to catch MissingOptionException

testOptionGroupLong(org.apache.commons.cli.GnuParserTest)  Time elapsed: 0 sec  <<< FAILURE!
java.lang.AssertionError

testMissingRequiredOptions(org.apache.commons.cli.GnuParserTest)  Time elapsed: 0 sec  <<< FAILURE!
java.lang.AssertionError: expected to catch MissingOptionException

testPropertyOverrideValues(org.apache.commons.cli.GnuParserTest)  Time elapsed: 0 sec  <<< ERROR!
org.apache.commons.cli.UnrecognizedOptionException: Unrecognized option: -j

testNegativeArgument(org.apache.commons.cli.GnuParserTest)  Time elapsed: 0 sec  <<< ERROR!
org.apache.commons.cli.UnrecognizedOptionException: Unrecognized option: -b

testStopAtUnexpectedArg(org.apache.commons.cli.GnuParserTest)  Time elapsed: 0 sec  <<< FAILURE!
java.lang.AssertionError: Confirm -c is set

testOptionGroup(org.apache.commons.cli.GnuParserTest)  Time elapsed: 0 sec  <<< ERROR!
org.apache.commons.cli.UnrecognizedOptionException: Unrecognized option: -b

testPropertyOptionSingularValue(org.apache.commons.cli.GnuParserTest)  Time elapsed: 0 sec  <<< ERROR!
org.apache.commons.cli.UnrecognizedOptionException: Default option wasn't defined

testPropertyOptionMultipleValues(org.apache.commons.cli.GnuParserTest)  Time elapsed: 0 sec  <<< ERROR!
org.apache.commons.cli.UnrecognizedOptionException: Default option wasn't defined

testMissingArg(org.apache.commons.cli.GnuParserTest)  Time elapsed: 0 sec  <<< ERROR!
org.apache.commons.cli.UnrecognizedOptionException: Unrecognized option: -b

testPropertyOptionFlags(org.apache.commons.cli.GnuParserTest)  Time elapsed: 0 sec  <<< ERROR!
org.apache.commons.cli.UnrecognizedOptionException: Default option wasn't defined

testPropertyOptionGroup(org.apache.commons.cli.GnuParserTest)  Time elapsed: 0 sec  <<< ERROR!
org.apache.commons.cli.UnrecognizedOptionException: Unrecognized option: -a

testMultipleWithLong(org.apache.commons.cli.GnuParserTest)  Time elapsed: 0 sec  <<< FAILURE!
java.lang.AssertionError: Confirm -c is set

testUnrecognizedOption(org.apache.commons.cli.GnuParserTest)  Time elapsed: 0 sec  <<< FAILURE!
org.junit.ComparisonFailure: expected:<-[d]> but was:<-[a]>

testSingleDash(org.apache.commons.cli.GnuParserTest)  Time elapsed: 0 sec  <<< ERROR!
org.apache.commons.cli.UnrecognizedOptionException: Unrecognized option: -b

testShortWithEqual(org.apache.commons.cli.GnuParserTest)  Time elapsed: 0 sec  <<< ERROR!
org.apache.commons.cli.UnrecognizedOptionException: Unrecognized option: -f=bar

testWithRequiredOption(org.apache.commons.cli.GnuParserTest)  Time elapsed: 0 sec  <<< ERROR!
org.apache.commons.cli.UnrecognizedOptionException: Unrecognized option: -b

testUnlimitedArgs(org.apache.commons.cli.GnuParserTest)  Time elapsed: 0 sec  <<< ERROR!
org.apache.commons.cli.UnrecognizedOptionException: Unrecognized option: -e

testPropertyOptionRequired(org.apache.commons.cli.GnuParserTest)  Time elapsed: 0 sec  <<< ERROR!
org.apache.commons.cli.UnrecognizedOptionException: Default option wasn't defined

testOptionAndRequiredOption(org.apache.commons.cli.GnuParserTest)  Time elapsed: 0 sec  <<< ERROR!
org.apache.commons.cli.UnrecognizedOptionException: Unrecognized option: -a

testLongWithEqualDoubleDash(org.apache.commons.cli.GnuParserTest)  Time elapsed: 0 sec  <<< ERROR!
org.apache.commons.cli.UnrecognizedOptionException: Unrecognized option: --foo=bar

testLongWithEqualSingleDash(org.apache.commons.cli.GnuParserTest)  Time elapsed: 0 sec  <<< ERROR!
org.apache.commons.cli.UnrecognizedOptionException: Unrecognized option: -foo=bar

testMultiple(org.apache.commons.cli.GnuParserTest)  Time elapsed: 0 sec  <<< FAILURE!
java.lang.AssertionError: Confirm -c is set

testArgumentStartingWithHyphen(org.apache.commons.cli.GnuParserTest)  Time elapsed: 0 sec  <<< ERROR!
org.apache.commons.cli.UnrecognizedOptionException: Unrecognized option: -b

testPropertiesOption1(org.apache.commons.cli.GnuParserTest)  Time elapsed: 0 sec  <<< ERROR!
org.apache.commons.cli.UnrecognizedOptionException: Unrecognized option: -Jsource=1.5

testPropertiesOption2(org.apache.commons.cli.GnuParserTest)  Time elapsed: 0 sec  <<< ERROR!
org.apache.commons.cli.UnrecognizedOptionException: Unrecognized option: -Dparam1

testDoubleDash1(org.apache.commons.cli.GnuParserTest)  Time elapsed: 0 sec  <<< FAILURE!
java.lang.AssertionError: Confirm -c is set

testStopAtExpectedArg(org.apache.commons.cli.GnuParserTest)  Time elapsed: 0 sec  <<< FAILURE!
java.lang.AssertionError: Confirm -b is set

