-------------------------------------------------------------------------------
Test set: org.apache.commons.cli.OptionGroupTest
-------------------------------------------------------------------------------
Tests run: 13, Failures: 2, Errors: 10, Skipped: 0, Time elapsed: 0.002 sec <<< FAILURE! - in org.apache.commons.cli.OptionGroupTest
testTwoOptionsFromDifferentGroup(org.apache.commons.cli.OptionGroupTest)  Time elapsed: 0 sec  <<< ERROR!
org.apache.commons.cli.UnrecognizedOptionException: Unrecognized option: -f
	at org.apache.commons.cli.OptionGroupTest.testTwoOptionsFromDifferentGroup(OptionGroupTest.java:195)

testGetNames(org.apache.commons.cli.OptionGroupTest)  Time elapsed: 0.001 sec  <<< FAILURE!
java.lang.AssertionError
	at org.apache.commons.cli.OptionGroupTest.testGetNames(OptionGroupTest.java:256)

testTwoValidOptions(org.apache.commons.cli.OptionGroupTest)  Time elapsed: 0 sec  <<< ERROR!
org.apache.commons.cli.UnrecognizedOptionException: Unrecognized option: -r
	at org.apache.commons.cli.OptionGroupTest.testTwoValidOptions(OptionGroupTest.java:99)

testSingleOption(org.apache.commons.cli.OptionGroupTest)  Time elapsed: 0 sec  <<< ERROR!
org.apache.commons.cli.UnrecognizedOptionException: Unrecognized option: -r
	at org.apache.commons.cli.OptionGroupTest.testSingleOption(OptionGroupTest.java:84)

testToString(org.apache.commons.cli.OptionGroupTest)  Time elapsed: 0 sec  <<< FAILURE!
org.junit.ComparisonFailure: expected:<[-[-foo Foo, --bar] Bar]> but was:<[-[nullasdf] Bar]>
	at org.apache.commons.cli.OptionGroupTest.testToString(OptionGroupTest.java:235)

testTwoOptionsFromGroup(org.apache.commons.cli.OptionGroupTest)  Time elapsed: 0 sec  <<< ERROR!
org.apache.commons.cli.UnrecognizedOptionException: Unrecognized option: -f
	at org.apache.commons.cli.OptionGroupTest.testTwoOptionsFromGroup(OptionGroupTest.java:161)

testTwoValidLongOptions(org.apache.commons.cli.OptionGroupTest)  Time elapsed: 0 sec  <<< ERROR!
java.lang.NullPointerException
	at org.apache.commons.cli.OptionGroupTest.testTwoValidLongOptions(OptionGroupTest.java:129)

testSingleOptionFromGroup(org.apache.commons.cli.OptionGroupTest)  Time elapsed: 0 sec  <<< ERROR!
org.apache.commons.cli.UnrecognizedOptionException: Unrecognized option: -f
	at org.apache.commons.cli.OptionGroupTest.testSingleOptionFromGroup(OptionGroupTest.java:69)

testTwoOptionsFromGroupWithProperties(org.apache.commons.cli.OptionGroupTest)  Time elapsed: 0 sec  <<< ERROR!
org.apache.commons.cli.UnrecognizedOptionException: Unrecognized option: -f
	at org.apache.commons.cli.OptionGroupTest.testTwoOptionsFromGroupWithProperties(OptionGroupTest.java:212)

testTwoLongOptionsFromGroup(org.apache.commons.cli.OptionGroupTest)  Time elapsed: 0 sec  <<< ERROR!
java.lang.NullPointerException
	at org.apache.commons.cli.OptionGroupTest.testTwoLongOptionsFromGroup(OptionGroupTest.java:179)

testSingleLongOption(org.apache.commons.cli.OptionGroupTest)  Time elapsed: 0 sec  <<< ERROR!
java.lang.NullPointerException
	at org.apache.commons.cli.OptionGroupTest.testSingleLongOption(OptionGroupTest.java:114)

testValidLongOnlyOptions(org.apache.commons.cli.OptionGroupTest)  Time elapsed: 0 sec  <<< ERROR!
java.lang.NullPointerException
	at org.apache.commons.cli.OptionGroupTest.testValidLongOnlyOptions(OptionGroupTest.java:220)

