-------------------------------------------------------------------------------
Test set: org.apache.commons.cli.OptionBuilderTest
-------------------------------------------------------------------------------
Tests run: 9, Failures: 5, Errors: 0, Skipped: 0, Time elapsed: 0.002 sec <<< FAILURE! - in org.apache.commons.cli.OptionBuilderTest
testBaseOptionStringOpt(org.apache.commons.cli.OptionBuilderTest)  Time elapsed: 0 sec  <<< FAILURE!
org.junit.ComparisonFailure: expected:<o[]> but was:<o[asdf]>
	at org.apache.commons.cli.OptionBuilderTest.testBaseOptionStringOpt(OptionBuilderTest.java:96)

testTwoCompleteOptions(org.apache.commons.cli.OptionBuilderTest)  Time elapsed: 0 sec  <<< FAILURE!
org.junit.ComparisonFailure: expected:<s[]> but was:<s[asdf]>
	at org.apache.commons.cli.OptionBuilderTest.testTwoCompleteOptions(OptionBuilderTest.java:59)

testCompleteOption(org.apache.commons.cli.OptionBuilderTest)  Time elapsed: 0 sec  <<< FAILURE!
org.junit.ComparisonFailure: expected:<s[]> but was:<s[asdf]>
	at org.apache.commons.cli.OptionBuilderTest.testCompleteOption(OptionBuilderTest.java:40)

testSpecialOptChars(org.apache.commons.cli.OptionBuilderTest)  Time elapsed: 0 sec  <<< FAILURE!
org.junit.ComparisonFailure: expected:<?[]> but was:<?[asdf]>
	at org.apache.commons.cli.OptionBuilderTest.testSpecialOptChars(OptionBuilderTest.java:106)

testBaseOptionCharOpt(org.apache.commons.cli.OptionBuilderTest)  Time elapsed: 0 sec  <<< FAILURE!
org.junit.ComparisonFailure: expected:<o[]> but was:<o[asdf]>
	at org.apache.commons.cli.OptionBuilderTest.testBaseOptionCharOpt(OptionBuilderTest.java:86)

