-------------------------------------------------------------------------------
Test set: org.apache.commons.cli.bug.BugCLI148Test
-------------------------------------------------------------------------------
Tests run: 2, Failures: 0, Errors: 2, Skipped: 0, Time elapsed: 0.002 sec <<< FAILURE! - in org.apache.commons.cli.bug.BugCLI148Test
testWorkaround1(org.apache.commons.cli.bug.BugCLI148Test)  Time elapsed: 0 sec  <<< ERROR!
org.apache.commons.cli.UnrecognizedOptionException: Unrecognized option: -t-something
	at org.apache.commons.cli.bug.BugCLI148Test.testWorkaround1(BugCLI148Test.java:52)

testWorkaround2(org.apache.commons.cli.bug.BugCLI148Test)  Time elapsed: 0 sec  <<< ERROR!
org.apache.commons.cli.UnrecognizedOptionException: Unrecognized option: -t
	at org.apache.commons.cli.bug.BugCLI148Test.testWorkaround2(BugCLI148Test.java:62)

