-------------------------------------------------------------------------------
Test set: org.apache.commons.cli.ValuesTest
-------------------------------------------------------------------------------
Tests run: 7, Failures: 0, Errors: 7, Skipped: 0, Time elapsed: 0.002 sec <<< FAILURE! - in org.apache.commons.cli.ValuesTest
testTwoArgValues(org.apache.commons.cli.ValuesTest)  Time elapsed: 0 sec  <<< ERROR!
java.lang.NullPointerException
	at org.apache.commons.cli.ValuesTest.setUp(ValuesTest.java:70)

testShortArgs(org.apache.commons.cli.ValuesTest)  Time elapsed: 0 sec  <<< ERROR!
java.lang.NullPointerException
	at org.apache.commons.cli.ValuesTest.setUp(ValuesTest.java:70)

testCharSeparator(org.apache.commons.cli.ValuesTest)  Time elapsed: 0 sec  <<< ERROR!
java.lang.NullPointerException
	at org.apache.commons.cli.ValuesTest.setUp(ValuesTest.java:70)

testExtraArgs(org.apache.commons.cli.ValuesTest)  Time elapsed: 0 sec  <<< ERROR!
java.lang.NullPointerException
	at org.apache.commons.cli.ValuesTest.setUp(ValuesTest.java:70)

testShortArgsWithValue(org.apache.commons.cli.ValuesTest)  Time elapsed: 0 sec  <<< ERROR!
java.lang.NullPointerException
	at org.apache.commons.cli.ValuesTest.setUp(ValuesTest.java:70)

testComplexValues(org.apache.commons.cli.ValuesTest)  Time elapsed: 0 sec  <<< ERROR!
java.lang.NullPointerException
	at org.apache.commons.cli.ValuesTest.setUp(ValuesTest.java:70)

testMultipleArgValues(org.apache.commons.cli.ValuesTest)  Time elapsed: 0 sec  <<< ERROR!
java.lang.NullPointerException
	at org.apache.commons.cli.ValuesTest.setUp(ValuesTest.java:70)

