<?xml version="1.0" encoding="UTF-8"?>
<testsuite xmlns:xsi="http://www.w3.org/2001/XMLSchema-instance" xsi:schemaLocation="https://maven.apache.org/surefire/maven-surefire-plugin/xsd/surefire-test-report.xsd" name="org.apache.commons.cli.PosixParserTest" time="0.006" tests="58" errors="30" skipped="9" failures="9">
  <properties>
[...]
</properties>
  <testcase name="testAmbiguousLongWithoutEqualSingleDash" classname="org.apache.commons.cli.PosixParserTest" time="0">
    <skipped message="not supported by the PosixParser"/>
  </testcase>
  <testcase name="testLongWithoutEqualSingleDash" classname="org.apache.commons.cli.PosixParserTest" time="0">
    <skipped message="not supported by the PosixParser"/>
  </testcase>
  <testcase name="testAmbiguousPartialLongOption4" classname="org.apache.commons.cli.PosixParserTest" time="0">
    <skipped message="not supported by the PosixParser"/>
  </testcase>
  <testcase name="testShortWithEqual" classname="org.apache.commons.cli.PosixParserTest" time="0">
    <skipped message="not supported by the PosixParser"/>
  </testcase>
  <testcase name="testNegativeOption" classname="org.apache.commons.cli.PosixParserTest" time="0">
    <skipped message="not supported by the PosixParser (CLI-184)"/>
  </testcase>
  <testcase name="testLongWithUnexpectedArgument1" classname="org.apache.commons.cli.PosixParserTest" time="0">
    <skipped message="not supported by the PosixParser"/>
  </testcase>
  <testcase name="testLongWithEqualSingleDash" classname="org.apache.commons.cli.PosixParserTest" time="0">
    <skipped message="not supported by the PosixParser"/>
  </testcase>
  <testcase name="testUnambiguousPartialLongOption4" classname="org.apache.commons.cli.PosixParserTest" time="0">
    <skipped message="not supported by the PosixParser"/>
  </testcase>
  <testcase name="testDoubleDash2" classname="org.apache.commons.cli.PosixParserTest" time="0">
    <skipped message="not supported by the PosixParser"/>
  </testcase>
  <testcase name="testSimpleLong" classname="org.apache.commons.cli.PosixParserTest" time="0">
    <error type="java.lang.NullPointerException">java.lang.NullPointerException
</error>
  </testcase>
  <testcase name="testSimpleShort" classname="org.apache.commons.cli.PosixParserTest" time="0">
    <error message="Unrecognized option: -a" type="org.apache.commons.cli.UnrecognizedOptionException">org.apache.commons.cli.UnrecognizedOptionException: Unrecognized option: -a
</error>
  </testcase>
  <testcase name="testStopBursting2" classname="org.apache.commons.cli.PosixParserTest" time="0">
    <failure message="Confirm -c is set" type="java.lang.AssertionError">java.lang.AssertionError: Confirm -c is set
</failure>
  </testcase>
  <testcase name="testMissingRequiredOption" classname="org.apache.commons.cli.PosixParserTest" time="0">
    <failure message="expected to catch MissingOptionException" type="java.lang.AssertionError">java.lang.AssertionError: expected to catch MissingOptionException
</failure>
  </testcase>
  <testcase name="testShortWithoutEqual" classname="org.apache.commons.cli.PosixParserTest" time="0">
    <error message="Unrecognized option: -fbar" type="org.apache.commons.cli.UnrecognizedOptionException">org.apache.commons.cli.UnrecognizedOptionException: Unrecognized option: -fbar
</error>
  </testcase>
  <testcase name="testReuseOptionsTwice" classname="org.apache.commons.cli.PosixParserTest" time="0">
    <error message="Unrecognized option: -v" type="org.apache.commons.cli.UnrecognizedOptionException">org.apache.commons.cli.UnrecognizedOptionException: Unrecognized option: -v
</error>
  </testcase>
  <testcase name="testMissingRequiredGroup" classname="org.apache.commons.cli.PosixParserTest" time="0">
    <failure message="Expected to catch MissingOptionException" type="java.lang.AssertionError">java.lang.AssertionError: Expected to catch MissingOptionException
</failure>
  </testcase>
  <testcase name="testOptionGroupLong" classname="org.apache.commons.cli.PosixParserTest" time="0">
    <error type="java.lang.NullPointerException">java.lang.NullPointerException
</error>
  </testcase>
  <testcase name="testMissingArgWithBursting" classname="org.apache.commons.cli.PosixParserTest" time="0">
    <error message="Unrecognized option: -acb" type="org.apache.commons.cli.UnrecognizedOptionException">org.apache.commons.cli.UnrecognizedOptionException: Unrecognized option: -acb
</error>
  </testcase>
  <testcase name="testMissingRequiredOptions" classname="org.apache.commons.cli.PosixParserTest" time="0">
    <failure message="expected to catch MissingOptionException" type="java.lang.AssertionError">java.lang.AssertionError: expected to catch MissingOptionException
</failure>
  </testcase>
  <testcase name="testShortWithUnexpectedArgument" classname="org.apache.commons.cli.PosixParserTest" time="0"/>
  <testcase name="testPropertyOverrideValues" classname="org.apache.commons.cli.PosixParserTest" time="0.001">
    <error message="Unrecognized option: -j" type="org.apache.commons.cli.UnrecognizedOptionException">org.apache.commons.cli.UnrecognizedOptionException: Unrecognized option: -j
</error>
  </testcase>
  <testcase name="testStopAtNonOptionLong" classname="org.apache.commons.cli.PosixParserTest" time="0"/>
  <testcase name="testNegativeArgument" classname="org.apache.commons.cli.PosixParserTest" time="0">
    <error message="Unrecognized option: -b" type="org.apache.commons.cli.UnrecognizedOptionException">org.apache.commons.cli.UnrecognizedOptionException: Unrecognized option: -b
</error>
  </testcase>
  <testcase name="testStopBursting" classname="org.apache.commons.cli.PosixParserTest" time="0">
    <failure message="Confirm -a is set" type="java.lang.AssertionError">java.lang.AssertionError: Confirm -a is set
</failure>
  </testcase>
  <testcase name="testStopAtUnexpectedArg" classname="org.apache.commons.cli.PosixParserTest" time="0">
    <failure message="Confirm -c is set" type="java.lang.AssertionError">java.lang.AssertionError: Confirm -c is set
</failure>
  </testcase>
  <testcase name="testPartialLongOptionSingleDash" classname="org.apache.commons.cli.PosixParserTest" time="0">
    <error type="java.lang.NullPointerException">java.lang.NullPointerException
</error>
  </testcase>
  <testcase name="testOptionGroup" classname="org.apache.commons.cli.PosixParserTest" time="0">
    <error message="Unrecognized option: -b" type="org.apache.commons.cli.UnrecognizedOptionException">org.apache.commons.cli.UnrecognizedOptionException: Unrecognized option: -b
</error>
  </testcase>
  <testcase name="testLongWithoutEqualDoubleDash" classname="org.apache.commons.cli.PosixParserTest" time="0"/>
  <testcase name="testPropertyOptionSingularValue" classname="org.apache.commons.cli.PosixParserTest" time="0">
    <error message="Default option wasn&apos;t defined" type="org.apache.commons.cli.UnrecognizedOptionException">org.apache.commons.cli.UnrecognizedOptionException: Default option wasn't defined
</error>
  </testcase>
  <testcase name="testPropertyOptionMultipleValues" classname="org.apache.commons.cli.PosixParserTest" time="0">
    <error message="Default option wasn&apos;t defined" type="org.apache.commons.cli.UnrecognizedOptionException">org.apache.commons.cli.UnrecognizedOptionException: Default option wasn't defined
</error>
  </testcase>
  <testcase name="testMissingArg" classname="org.apache.commons.cli.PosixParserTest" time="0">
    <error message="Unrecognized option: -b" type="org.apache.commons.cli.UnrecognizedOptionException">org.apache.commons.cli.UnrecognizedOptionException: Unrecognized option: -b
</error>
  </testcase>
  <testcase name="testPropertyOptionFlags" classname="org.apache.commons.cli.PosixParserTest" time="0">
    <error message="Default option wasn&apos;t defined" type="org.apache.commons.cli.UnrecognizedOptionException">org.apache.commons.cli.UnrecognizedOptionException: Default option wasn't defined
</error>
  </testcase>
  <testcase name="testPropertyOptionGroup" classname="org.apache.commons.cli.PosixParserTest" time="0">
    <error message="Unrecognized option: -a" type="org.apache.commons.cli.UnrecognizedOptionException">org.apache.commons.cli.UnrecognizedOptionException: Unrecognized option: -a
</error>
  </testcase>
  <testcase name="testUnrecognizedOptionWithBursting" classname="org.apache.commons.cli.PosixParserTest" time="0"/>
  <testcase name="testMultipleWithLong" classname="org.apache.commons.cli.PosixParserTest" time="0">
    <error type="java.lang.NullPointerException">java.lang.NullPointerException
</error>
  </testcase>
  <testcase name="testUnrecognizedOption" classname="org.apache.commons.cli.PosixParserTest" time="0.001">
    <failure message="expected:&lt;-[d]&gt; but was:&lt;-[a]&gt;" type="org.junit.ComparisonFailure"><![CDATA[org.junit.ComparisonFailure: expected:<-[d]> but was:<-[a]>
]]></failure>
  </testcase>
  <testcase name="testBursting" classname="org.apache.commons.cli.PosixParserTest" time="0">
    <error message="Unrecognized option: -acbtoast" type="org.apache.commons.cli.UnrecognizedOptionException">org.apache.commons.cli.UnrecognizedOptionException: Unrecognized option: -acbtoast
</error>
  </testcase>
  <testcase name="testAmbiguousPartialLongOption1" classname="org.apache.commons.cli.PosixParserTest" time="0"/>
  <testcase name="testAmbiguousPartialLongOption2" classname="org.apache.commons.cli.PosixParserTest" time="0"/>
  <testcase name="testAmbiguousPartialLongOption3" classname="org.apache.commons.cli.PosixParserTest" time="0"/>
  <testcase name="testPropertyOptionUnexpected" classname="org.apache.commons.cli.PosixParserTest" time="0"/>
  <testcase name="testSingleDash" classname="org.apache.commons.cli.PosixParserTest" time="0">
    <error type="java.lang.NullPointerException">java.lang.NullPointerException
</error>
  </testcase>
  <testcase name="testWithRequiredOption" classname="org.apache.commons.cli.PosixParserTest" time="0">
    <error message="Unrecognized option: -b" type="org.apache.commons.cli.UnrecognizedOptionException">org.apache.commons.cli.UnrecognizedOptionException: Unrecognized option: -b
</error>
  </testcase>
  <testcase name="testUnlimitedArgs" classname="org.apache.commons.cli.PosixParserTest" time="0">
    <error message="Unrecognized option: -e" type="org.apache.commons.cli.UnrecognizedOptionException">org.apache.commons.cli.UnrecognizedOptionException: Unrecognized option: -e
</error>
  </testcase>
  <testcase name="testPropertyOptionRequired" classname="org.apache.commons.cli.PosixParserTest" time="0">
    <error message="Default option wasn&apos;t defined" type="org.apache.commons.cli.UnrecognizedOptionException">org.apache.commons.cli.UnrecognizedOptionException: Default option wasn't defined
</error>
  </testcase>
  <testcase name="testOptionAndRequiredOption" classname="org.apache.commons.cli.PosixParserTest" time="0">
    <error message="Unrecognized option: -a" type="org.apache.commons.cli.UnrecognizedOptionException">org.apache.commons.cli.UnrecognizedOptionException: Unrecognized option: -a
</error>
  </testcase>
  <testcase name="testLongWithEqualDoubleDash" classname="org.apache.commons.cli.PosixParserTest" time="0">
    <error type="java.lang.NullPointerException">java.lang.NullPointerException
</error>
  </testcase>
  <testcase name="testLongWithUnexpectedArgument2" classname="org.apache.commons.cli.PosixParserTest" time="0"/>
  <testcase name="testStopAtNonOptionShort" classname="org.apache.commons.cli.PosixParserTest" time="0"/>
  <testcase name="testUnambiguousPartialLongOption1" classname="org.apache.commons.cli.PosixParserTest" time="0">
    <error type="java.lang.NullPointerException">java.lang.NullPointerException
</error>
  </testcase>
  <testcase name="testUnambiguousPartialLongOption2" classname="org.apache.commons.cli.PosixParserTest" time="0">
    <error type="java.lang.NullPointerException">java.lang.NullPointerException
</error>
  </testcase>
  <testcase name="testUnambiguousPartialLongOption3" classname="org.apache.commons.cli.PosixParserTest" time="0">
    <error type="java.lang.NullPointerException">java.lang.NullPointerException
</error>
  </testcase>
  <testcase name="testMultiple" classname="org.apache.commons.cli.PosixParserTest" time="0">
    <failure message="Confirm -c is set" type="java.lang.AssertionError">java.lang.AssertionError: Confirm -c is set
</failure>
  </testcase>
  <testcase name="testArgumentStartingWithHyphen" classname="org.apache.commons.cli.PosixParserTest" time="0.001">
    <error message="Unrecognized option: -b" type="org.apache.commons.cli.UnrecognizedOptionException">org.apache.commons.cli.UnrecognizedOptionException: Unrecognized option: -b
</error>
  </testcase>
  <testcase name="testPropertiesOption1" classname="org.apache.commons.cli.PosixParserTest" time="0">
    <error message="Unrecognized option: -Jsource=1.5" type="org.apache.commons.cli.UnrecognizedOptionException">org.apache.commons.cli.UnrecognizedOptionException: Unrecognized option: -Jsource=1.5
</error>
  </testcase>
  <testcase name="testPropertiesOption2" classname="org.apache.commons.cli.PosixParserTest" time="0">
    <error message="Unrecognized option: -Dparam1" type="org.apache.commons.cli.UnrecognizedOptionException">org.apache.commons.cli.UnrecognizedOptionException: Unrecognized option: -Dparam1
</error>
  </testcase>
  <testcase name="testDoubleDash1" classname="org.apache.commons.cli.PosixParserTest" time="0">
    <error type="java.lang.NullPointerException">java.lang.NullPointerException
</error>
  </testcase>
  <testcase name="testStopAtExpectedArg" classname="org.apache.commons.cli.PosixParserTest" time="0">
    <failure message="Confirm -b is set" type="java.lang.AssertionError">java.lang.AssertionError: Confirm -b is set
</failure>
  </testcase>
</testsuite>