<?xml version="1.0" encoding="UTF-8"?>
<testsuite xmlns:xsi="http://www.w3.org/2001/XMLSchema-instance" xsi:schemaLocation="https://maven.apache.org/surefire/maven-surefire-plugin/xsd/surefire-test-report.xsd" name="org.apache.commons.cli.BasicParserTest" time="0.002" tests="58" errors="34" skipped="24" failures="0">
  <properties>
[...]
</properties>
  <testcase name="testStopBursting2" classname="org.apache.commons.cli.BasicParserTest" time="0">
    <skipped message="not supported by the BasicParser"/>
  </testcase>
  <testcase name="testShortWithoutEqual" classname="org.apache.commons.cli.BasicParserTest" time="0">
    <skipped message="not supported by the BasicParser"/>
  </testcase>
  <testcase name="testAmbiguousLongWithoutEqualSingleDash" classname="org.apache.commons.cli.BasicParserTest" time="0">
    <skipped message="not supported by the BasicParser"/>
  </testcase>
  <testcase name="testMissingArgWithBursting" classname="org.apache.commons.cli.BasicParserTest" time="0">
    <skipped message="not supported by the BasicParser"/>
  </testcase>
  <testcase name="testStopBursting" classname="org.apache.commons.cli.BasicParserTest" time="0">
    <skipped message="not supported by the BasicParser"/>
  </testcase>
  <testcase name="testPartialLongOptionSingleDash" classname="org.apache.commons.cli.BasicParserTest" time="0">
    <skipped message="not supported by the BasicParser"/>
  </testcase>
  <testcase name="testLongWithoutEqualSingleDash" classname="org.apache.commons.cli.BasicParserTest" time="0">
    <skipped message="not supported by the BasicParser"/>
  </testcase>
  <testcase name="testUnrecognizedOptionWithBursting" classname="org.apache.commons.cli.BasicParserTest" time="0">
    <skipped message="not supported by the BasicParser"/>
  </testcase>
  <testcase name="testBursting" classname="org.apache.commons.cli.BasicParserTest" time="0">
    <skipped message="not supported by the BasicParser"/>
  </testcase>
  <testcase name="testAmbiguousPartialLongOption1" classname="org.apache.commons.cli.BasicParserTest" time="0">
    <skipped message="not supported by the BasicParser"/>
  </testcase>
  <testcase name="testAmbiguousPartialLongOption2" classname="org.apache.commons.cli.BasicParserTest" time="0">
    <skipped message="not supported by the BasicParser"/>
  </testcase>
  <testcase name="testAmbiguousPartialLongOption3" classname="org.apache.commons.cli.BasicParserTest" time="0">
    <skipped message="not supported by the BasicParser"/>
  </testcase>
  <testcase name="testAmbiguousPartialLongOption4" classname="org.apache.commons.cli.BasicParserTest" time="0">
    <skipped message="not supported by the BasicParser"/>
  </testcase>
  <testcase name="testShortWithEqual" classname="org.apache.commons.cli.BasicParserTest" time="0">
    <skipped message="not supported by the BasicParser"/>
  </testcase>
  <testcase name="testNegativeOption" classname="org.apache.commons.cli.BasicParserTest" time="0">
    <skipped message="not supported by the BasicParser (CLI-184)"/>
  </testcase>
  <testcase name="testLongWithEqualDoubleDash" classname="org.apache.commons.cli.BasicParserTest" time="0">
    <skipped message="not supported by the BasicParser"/>
  </testcase>
  <testcase name="testLongWithEqualSingleDash" classname="org.apache.commons.cli.BasicParserTest" time="0">
    <skipped message="not supported by the BasicParser"/>
  </testcase>
  <testcase name="testUnambiguousPartialLongOption1" classname="org.apache.commons.cli.BasicParserTest" time="0">
    <skipped message="not supported by the BasicParser"/>
  </testcase>
  <testcase name="testUnambiguousPartialLongOption2" classname="org.apache.commons.cli.BasicParserTest" time="0">
    <skipped message="not supported by the BasicParser"/>
  </testcase>
  <testcase name="testUnambiguousPartialLongOption3" classname="org.apache.commons.cli.BasicParserTest" time="0">
    <skipped message="not supported by the BasicParser"/>
  </testcase>
  <testcase name="testUnambiguousPartialLongOption4" classname="org.apache.commons.cli.BasicParserTest" time="0">
    <skipped message="not supported by the BasicParser"/>
  </testcase>
  <testcase name="testPropertiesOption1" classname="org.apache.commons.cli.BasicParserTest" time="0">
    <skipped message="not supported by the BasicParser"/>
  </testcase>
  <testcase name="testPropertiesOption2" classname="org.apache.commons.cli.BasicParserTest" time="0">
    <skipped message="not supported by the BasicParser"/>
  </testcase>
  <testcase name="testDoubleDash2" classname="org.apache.commons.cli.BasicParserTest" time="0">
    <skipped message="not supported by the BasicParser"/>
  </testcase>
  <testcase name="testSimpleLong" classname="org.apache.commons.cli.BasicParserTest" time="0">
    <error type="java.lang.NullPointerException">java.lang.NullPointerException
</error>
  </testcase>
  <testcase name="testSimpleShort" classname="org.apache.commons.cli.BasicParserTest" time="0">
    <error type="java.lang.NullPointerException">java.lang.NullPointerException
</error>
  </testcase>
  <testcase name="testMissingRequiredOption" classname="org.apache.commons.cli.BasicParserTest" time="0">
    <error type="java.lang.NullPointerException">java.lang.NullPointerException
</error>
  </testcase>
  <testcase name="testReuseOptionsTwice" classname="org.apache.commons.cli.BasicParserTest" time="0">
    <error type="java.lang.NullPointerException">java.lang.NullPointerException
</error>
  </testcase>
  <testcase name="testMissingRequiredGroup" classname="org.apache.commons.cli.BasicParserTest" time="0">
    <error type="java.lang.NullPointerException">java.lang.NullPointerException
</error>
  </testcase>
  <testcase name="testOptionGroupLong" classname="org.apache.commons.cli.BasicParserTest" time="0">
    <error type="java.lang.NullPointerException">java.lang.NullPointerException
</error>
  </testcase>
  <testcase name="testMissingRequiredOptions" classname="org.apache.commons.cli.BasicParserTest" time="0">
    <error type="java.lang.NullPointerException">java.lang.NullPointerException
</error>
  </testcase>
  <testcase name="testShortWithUnexpectedArgument" classname="org.apache.commons.cli.BasicParserTest" time="0">
    <error type="java.lang.NullPointerException">java.lang.NullPointerException
</error>
  </testcase>
  <testcase name="testPropertyOverrideValues" classname="org.apache.commons.cli.BasicParserTest" time="0">
    <error type="java.lang.NullPointerException">java.lang.NullPointerException
</error>
  </testcase>
  <testcase name="testStopAtNonOptionLong" classname="org.apache.commons.cli.BasicParserTest" time="0">
    <error type="java.lang.NullPointerException">java.lang.NullPointerException
</error>
  </testcase>
  <testcase name="testNegativeArgument" classname="org.apache.commons.cli.BasicParserTest" time="0">
    <error type="java.lang.NullPointerException">java.lang.NullPointerException
</error>
  </testcase>
  <testcase name="testStopAtUnexpectedArg" classname="org.apache.commons.cli.BasicParserTest" time="0">
    <error type="java.lang.NullPointerException">java.lang.NullPointerException
</error>
  </testcase>
  <testcase name="testOptionGroup" classname="org.apache.commons.cli.BasicParserTest" time="0">
    <error type="java.lang.NullPointerException">java.lang.NullPointerException
</error>
  </testcase>
  <testcase name="testLongWithoutEqualDoubleDash" classname="org.apache.commons.cli.BasicParserTest" time="0">
    <error type="java.lang.NullPointerException">java.lang.NullPointerException
</error>
  </testcase>
  <testcase name="testPropertyOptionSingularValue" classname="org.apache.commons.cli.BasicParserTest" time="0">
    <error type="java.lang.NullPointerException">java.lang.NullPointerException
</error>
  </testcase>
  <testcase name="testPropertyOptionMultipleValues" classname="org.apache.commons.cli.BasicParserTest" time="0">
    <error type="java.lang.NullPointerException">java.lang.NullPointerException
</error>
  </testcase>
  <testcase name="testMissingArg" classname="org.apache.commons.cli.BasicParserTest" time="0">
    <error type="java.lang.NullPointerException">java.lang.NullPointerException
</error>
  </testcase>
  <testcase name="testPropertyOptionFlags" classname="org.apache.commons.cli.BasicParserTest" time="0">
    <error type="java.lang.NullPointerException">java.lang.NullPointerException
</error>
  </testcase>
  <testcase name="testPropertyOptionGroup" classname="org.apache.commons.cli.BasicParserTest" time="0">
    <error type="java.lang.NullPointerException">java.lang.NullPointerException
</error>
  </testcase>
  <testcase name="testMultipleWithLong" classname="org.apache.commons.cli.BasicParserTest" time="0">
    <error type="java.lang.NullPointerException">java.lang.NullPointerException
</error>
  </testcase>
  <testcase name="testUnrecognizedOption" classname="org.apache.commons.cli.BasicParserTest" time="0">
    <error type="java.lang.NullPointerException">java.lang.NullPointerException
</error>
  </testcase>
  <testcase name="testPropertyOptionUnexpected" classname="org.apache.commons.cli.BasicParserTest" time="0">
    <error type="java.lang.NullPointerException">java.lang.NullPointerException
</error>
  </testcase>
  <testcase name="testSingleDash" classname="org.apache.commons.cli.BasicParserTest" time="0">
    <error type="java.lang.NullPointerException">java.lang.NullPointerException
</error>
  </testcase>
  <testcase name="testWithRequiredOption" classname="org.apache.commons.cli.BasicParserTest" time="0">
    <error type="java.lang.NullPointerException">java.lang.NullPointerException
</error>
  </testcase>
  <testcase name="testUnlimitedArgs" classname="org.apache.commons.cli.BasicParserTest" time="0">
    <error type="java.lang.NullPointerException">java.lang.NullPointerException
</error>
  </testcase>
  <testcase name="testPropertyOptionRequired" classname="org.apache.commons.cli.BasicParserTest" time="0">
    <error type="java.lang.NullPointerException">java.lang.NullPointerException
</error>
  </testcase>
  <testcase name="testOptionAndRequiredOption" classname="org.apache.commons.cli.BasicParserTest" time="0">
    <error type="java.lang.NullPointerException">java.lang.NullPointerException
</error>
  </testcase>
  <testcase name="testLongWithUnexpectedArgument1" classname="org.apache.commons.cli.BasicParserTest" time="0">
    <error type="java.lang.NullPointerException">java.lang.NullPointerException
</error>
  </testcase>
  <testcase name="testLongWithUnexpectedArgument2" classname="org.apache.commons.cli.BasicParserTest" time="0">
    <error type="java.lang.NullPointerException">java.lang.NullPointerException
</error>
  </testcase>
  <testcase name="testStopAtNonOptionShort" classname="org.apache.commons.cli.BasicParserTest" time="0">
    <error type="java.lang.NullPointerException">java.lang.NullPointerException
</error>
  </testcase>
  <testcase name="testMultiple" classname="org.apache.commons.cli.BasicParserTest" time="0">
    <error type="java.lang.NullPointerException">java.lang.NullPointerException
</error>
  </testcase>
  <testcase name="testArgumentStartingWithHyphen" classname="org.apache.commons.cli.BasicParserTest" time="0">
    <error type="java.lang.NullPointerException">java.lang.NullPointerException
</error>
  </testcase>
  <testcase name="testDoubleDash1" classname="org.apache.commons.cli.BasicParserTest" time="0">
    <error type="java.lang.NullPointerException">java.lang.NullPointerException
</error>
  </testcase>
  <testcase name="testStopAtExpectedArg" classname="org.apache.commons.cli.BasicParserTest" time="0">
    <error type="java.lang.NullPointerException">java.lang.NullPointerException
</error>
  </testcase>
</testsuite>