<?xml version="1.0" encoding="UTF-8"?>
<testsuite xmlns:xsi="http://www.w3.org/2001/XMLSchema-instance" xsi:schemaLocation="https://maven.apache.org/surefire/maven-surefire-plugin/xsd/surefire-test-report.xsd" name="org.apache.commons.cli.OptionGroupTest" time="0.002" tests="13" errors="10" skipped="0" failures="2">
  <properties>
[...]
</properties>
  <testcase name="testTwoOptionsFromDifferentGroup" classname="org.apache.commons.cli.OptionGroupTest" time="0">
    <error message="Unrecognized option: -f" type="org.apache.commons.cli.UnrecognizedOptionException">org.apache.commons.cli.UnrecognizedOptionException: Unrecognized option: -f
	at org.apache.commons.cli.OptionGroupTest.testTwoOptionsFromDifferentGroup(OptionGroupTest.java:195)
</error>
  </testcase>
  <testcase name="testNoOptionsExtraArgs" classname="org.apache.commons.cli.OptionGroupTest" time="0"/>
  <testcase name="testGetNames" classname="org.apache.commons.cli.OptionGroupTest" time="0.001">
    <failure type="java.lang.AssertionError">java.lang.AssertionError
	at org.apache.commons.cli.OptionGroupTest.testGetNames(OptionGroupTest.java:256)
</failure>
  </testcase>
  <testcase name="testTwoValidOptions" classname="org.apache.commons.cli.OptionGroupTest" time="0">
    <error message="Unrecognized option: -r" type="org.apache.commons.cli.UnrecognizedOptionException">org.apache.commons.cli.UnrecognizedOptionException: Unrecognized option: -r
	at org.apache.commons.cli.OptionGroupTest.testTwoValidOptions(OptionGroupTest.java:99)
</error>
  </testcase>
  <testcase name="testSingleOption" classname="org.apache.commons.cli.OptionGroupTest" time="0">
    <error message="Unrecognized option: -r" type="org.apache.commons.cli.UnrecognizedOptionException">org.apache.commons.cli.UnrecognizedOptionException: Unrecognized option: -r
	at org.apache.commons.cli.OptionGroupTest.testSingleOption(OptionGroupTest.java:84)
</error>
  </testcase>
  <testcase name="testToString" classname="org.apache.commons.cli.OptionGroupTest" time="0">
    <failure message="expected:&lt;[-[-foo Foo, --bar] Bar]&gt; but was:&lt;[-[nullasdf] Bar]&gt;" type="org.junit.ComparisonFailure"><![CDATA[org.junit.ComparisonFailure: expected:<[-[-foo Foo, --bar] Bar]> but was:<[-[nullasdf] Bar]>
	at org.apache.commons.cli.OptionGroupTest.testToString(OptionGroupTest.java:235)
]]></failure>
  </testcase>
  <testcase name="testTwoOptionsFromGroup" classname="org.apache.commons.cli.OptionGroupTest" time="0">
    <error message="Unrecognized option: -f" type="org.apache.commons.cli.UnrecognizedOptionException">org.apache.commons.cli.UnrecognizedOptionException: Unrecognized option: -f
	at org.apache.commons.cli.OptionGroupTest.testTwoOptionsFromGroup(OptionGroupTest.java:161)
</error>
  </testcase>
  <testcase name="testTwoValidLongOptions" classname="org.apache.commons.cli.OptionGroupTest" time="0">
    <error type="java.lang.NullPointerException">java.lang.NullPointerException
	at org.apache.commons.cli.OptionGroupTest.testTwoValidLongOptions(OptionGroupTest.java:129)
</error>
  </testcase>
  <testcase name="testSingleOptionFromGroup" classname="org.apache.commons.cli.OptionGroupTest" time="0">
    <error message="Unrecognized option: -f" type="org.apache.commons.cli.UnrecognizedOptionException">org.apache.commons.cli.UnrecognizedOptionException: Unrecognized option: -f
	at org.apache.commons.cli.OptionGroupTest.testSingleOptionFromGroup(OptionGroupTest.java:69)
</error>
  </testcase>
  <testcase name="testTwoOptionsFromGroupWithProperties" classname="org.apache.commons.cli.OptionGroupTest" time="0">
    <error message="Unrecognized option: -f" type="org.apache.commons.cli.UnrecognizedOptionException">org.apache.commons.cli.UnrecognizedOptionException: Unrecognized option: -f
	at org.apache.commons.cli.OptionGroupTest.testTwoOptionsFromGroupWithProperties(OptionGroupTest.java:212)
</error>
  </testcase>
  <testcase name="testTwoLongOptionsFromGroup" classname="org.apache.commons.cli.OptionGroupTest" time="0">
    <error type="java.lang.NullPointerException">java.lang.NullPointerException
	at org.apache.commons.cli.OptionGroupTest.testTwoLongOptionsFromGroup(OptionGroupTest.java:179)
</error>
  </testcase>
  <testcase name="testSingleLongOption" classname="org.apache.commons.cli.OptionGroupTest" time="0">
    <error type="java.lang.NullPointerException">java.lang.NullPointerException
	at org.apache.commons.cli.OptionGroupTest.testSingleLongOption(OptionGroupTest.java:114)
</error>
  </testcase>
  <testcase name="testValidLongOnlyOptions" classname="org.apache.commons.cli.OptionGroupTest" time="0">
    <error type="java.lang.NullPointerException">java.lang.NullPointerException
	at org.apache.commons.cli.OptionGroupTest.testValidLongOnlyOptions(OptionGroupTest.java:220)
</error>
  </testcase>
</testsuite>