<?xml version="1.0" encoding="UTF-8"?>
<testsuite xmlns:xsi="http://www.w3.org/2001/XMLSchema-instance" xsi:schemaLocation="https://maven.apache.org/surefire/maven-surefire-plugin/xsd/surefire-test-report.xsd" name="org.apache.commons.cli.ApplicationTest" time="0.233" tests="5" errors="3" skipped="0" failures="2">
  <properties>
[...]
</properties>
  <testcase name="testAnt" classname="org.apache.commons.cli.ApplicationTest" time="0.028">
    <error message="Unrecognized option: -buildfile" type="org.apache.commons.cli.UnrecognizedOptionException">org.apache.commons.cli.UnrecognizedOptionException: Unrecognized option: -buildfile
	at org.apache.commons.cli.ApplicationTest.testAnt(ApplicationTest.java:97)
</error>
  </testcase>
  <testcase name="testMan" classname="org.apache.commons.cli.ApplicationTest" time="0.016">
    <failure message="expected:&lt;...ection] page ...&#10; -7[,--ascii                display ASCII translation or&#10;                           certain latin1 chars.&#10; -a,--all                  find all matching manual pages.&#10; -c,--catman               used by catman to reformat out of&#10;                           date cat pages.&#10; -d,--debug                emit debugging messages.&#10; -D,--default              reset all options to their&#10;                           default values.&#10; -e,--extension            limit search to extension type&#10;                           &apos;extension&apos;.&#10; -f,--whatis               equivalent to whatis.&#10; -h,--help                 show this usage message.&#10; -k,--apropos              equivalent to apropos.&#10; -l,--local-file           interpret &apos;page&apos; argument(s) as&#10;                           local filename(s)&#10; -L,--locale &lt;arg&gt;         define the locale for this&#10;                           particular man search.&#10; -M,--manpath &lt;arg&gt;        set search path for manual pages&#10;                           to &apos;path&apos;.&#10; -m,--systems &lt;arg&gt;        search for man pages from other&#10;                           unix system(s).&#10; -P,--pager &lt;arg&gt;          use program &apos;pager&apos; to display&#10;                           output.&#10; -p,--preprocessor &lt;arg&gt;   string indicates which&#10;                           preprocessor to run.&#10;                           e - [n]eqn  p - pic     t - tbl&#10;                           g - grap    r - refer   v -&#10;                           vgrind&#10; -r,--prompt &lt;arg&gt;         provide &apos;less&apos; pager with prompt.&#10; -S,--sections &lt;arg&gt;       use colon separated section list.&#10; -t,--troff                use troff format pages.&#10; -T,--troff-device &lt;arg&gt;   use groff with selected device.&#10; -u,--update               force a cache consistency check.&#10; -V,--version              show version.&#10; -w,--location             print physical location of man&#10;                           page(s).&#10; -Z,--ditroff              use groff with selected] device.&#10;&gt; but was:&lt;...ection] page ...&#10; -7[asdf,--ascii                display ASCII translation or&#10;                               certain latin1 chars.&#10; -aasdf,--all                  find all matching manual&#10;                               pages.&#10; -casdf,--catman               used by catman to reformat&#10;                               out of date cat pages.&#10; -dasdf,--debug                emit debugging messages.&#10; -Dasdf,--default              reset all options to their&#10;                               default values.&#10; -easdf,--extension            limit search to extension&#10;                               type &apos;extension&apos;.&#10; -fasdf,--whatis               equivalent to whatis.&#10; -hasdf,--help                 show this usage message.&#10; -kasdf,--apropos              equivalent to apropos.&#10; -lasdf,--local-file           interpret &apos;page&apos; argument(s)&#10;                               as local filename(s)&#10; -Lasdf,--locale &lt;arg&gt;         define the locale for this&#10;                               particular man search.&#10; -Masdf,--manpath &lt;arg&gt;        set search path for manual&#10;                               pages to &apos;path&apos;.&#10; -masdf,--systems &lt;arg&gt;        search for man pages from&#10;                               other unix system(s).&#10; -Pasdf,--pager &lt;arg&gt;          use program &apos;pager&apos; to&#10;                               display output.&#10; -pasdf,--preprocessor &lt;arg&gt;   string indicates which&#10;                               preprocessor to run.&#10;                               e - [n]eqn  p - pic     t -&#10;                               tbl&#10;                               g - grap    r - refer   v -&#10;                               vgrind&#10; -rasdf,--prompt &lt;arg&gt;         provide &apos;less&apos; pager with&#10;                               prompt.&#10; -Sasdf,--sections &lt;arg&gt;       use colon separated section&#10;                               list.&#10; -tasdf,--troff                use troff format pages.&#10; -Tasdf,--troff-device &lt;arg&gt;   use groff with selected&#10;                               device.&#10; -uasdf,--update               force a cache consistency&#10;                               check.&#10; -Vasdf,--version              show version.&#10; -wasdf,--location             print physical location of&#10;                               man page(s).&#10; -Zasdf,--ditroff              use groff with selected&#10;                              ] device.&#10;&gt;" type="org.junit.ComparisonFailure"><![CDATA[org.junit.ComparisonFailure: 
expected:<...ection] page ...
 -7[,--ascii                display ASCII translation or
                           certain latin1 chars.
 -a,--all                  find all matching manual pages.
 -c,--catman               used by catman to reformat out of
                           date cat pages.
 -d,--debug                emit debugging messages.
 -D,--default              reset all options to their
                           default values.
 -e,--extension            limit search to extension type
                           'extension'.
 -f,--whatis               equivalent to whatis.
 -h,--help                 show this usage message.
 -k,--apropos              equivalent to apropos.
 -l,--local-file           interpret 'page' argument(s) as
                           local filename(s)
 -L,--locale <arg>         define the locale for this
                           particular man search.
 -M,--manpath <arg>        set search path for manual pages
                           to 'path'.
 -m,--systems <arg>        search for man pages from other
                           unix system(s).
 -P,--pager <arg>          use program 'pager' to display
                           output.
 -p,--preprocessor <arg>   string indicates which
                           preprocessor to run.
                           e - [n]eqn  p - pic     t - tbl
                           g - grap    r - refer   v -
                           vgrind
 -r,--prompt <arg>         provide 'less' pager with prompt.
 -S,--sections <arg>       use colon separated section list.
 -t,--troff                use troff format pages.
 -T,--troff-device <arg>   use groff with selected device.
 -u,--update               force a cache consistency check.
 -V,--version              show version.
 -w,--location             print physical location of man
                           page(s).
 -Z,--ditroff              use groff with selected] device.
> but was:<...ection] page ...
 -7[asdf,--ascii                display ASCII translation or
                               certain latin1 chars.
 -aasdf,--all                  find all matching manual
                               pages.
 -casdf,--catman               used by catman to reformat
                               out of date cat pages.
 -dasdf,--debug                emit debugging messages.
 -Dasdf,--default              reset all options to their
                               default values.
 -easdf,--extension            limit search to extension
                               type 'extension'.
 -fasdf,--whatis               equivalent to whatis.
 -hasdf,--help                 show this usage message.
 -kasdf,--apropos              equivalent to apropos.
 -lasdf,--local-file           interpret 'page' argument(s)
                               as local filename(s)
 -Lasdf,--locale <arg>         define the locale for this
                               particular man search.
 -Masdf,--manpath <arg>        set search path for manual
                               pages to 'path'.
 -masdf,--systems <arg>        search for man pages from
                               other unix system(s).
 -Pasdf,--pager <arg>          use program 'pager' to
                               display output.
 -pasdf,--preprocessor <arg>   string indicates which
                               preprocessor to run.
                               e - [n]eqn  p - pic     t -
                               tbl
                               g - grap    r - refer   v -
                               vgrind
 -rasdf,--prompt <arg>         provide 'less' pager with
                               prompt.
 -Sasdf,--sections <arg>       use colon separated section
                               list.
 -tasdf,--troff                use troff format pages.
 -Tasdf,--troff-device <arg>   use groff with selected
                               device.
 -uasdf,--update               force a cache consistency
                               check.
 -Vasdf,--version              show version.
 -wasdf,--location             print physical location of
                               man page(s).
 -Zasdf,--ditroff              use groff with selected
                              ] device.
>
	at org.apache.commons.cli.ApplicationTest.testMan(ApplicationTest.java:229)
]]></failure>
  </testcase>
  <testcase name="testNLT" classname="org.apache.commons.cli.ApplicationTest" time="0">
    <error message="Unrecognized option: -v" type="org.apache.commons.cli.UnrecognizedOptionException">org.apache.commons.cli.UnrecognizedOptionException: Unrecognized option: -v
	at org.apache.commons.cli.ApplicationTest.testNLT(ApplicationTest.java:332)
</error>
  </testcase>
  <testcase name="testLs" classname="org.apache.commons.cli.ApplicationTest" time="0.001">
    <error type="java.lang.NullPointerException">java.lang.NullPointerException
	at org.apache.commons.cli.ApplicationTest.testLs(ApplicationTest.java:63)
</error>
  </testcase>
  <testcase name="testGroovy" classname="org.apache.commons.cli.ApplicationTest" time="0.002">
    <failure type="java.lang.AssertionError">java.lang.AssertionError
	at org.apache.commons.cli.ApplicationTest.testGroovy(ApplicationTest.java:177)
</failure>
  </testcase>
</testsuite>